<?xml version="1.0" encoding="UTF-8"?>
<!-- Generated by org.testng.reporters.JUnitXMLReporter -->
<testsuite ignored="0" hostname="DESKTOP-1H2CHHT" failures="0" tests="6" name="Surefire test" time="15.574" errors="0" timestamp="2024-11-12T19:02:24 IST">
  <testcase classname="api.tests.DataDrivenTests" name="testPostUser" time="5.361"/>
  <testcase classname="api.tests.DataDrivenTests" name="testPostUser" time="1.512"/>
  <testcase classname="api.tests.DataDrivenTests" name="testPostUser" time="1.624"/>
  <testcase classname="api.tests.DataDrivenTests" name="deleteUsernames" time="1.635"/>
  <testcase classname="api.tests.DataDrivenTests" name="deleteUsernames" time="1.426"/>
  <testcase classname="api.tests.DataDrivenTests" name="deleteUsernames" time="1.521"/>
</testsuite> <!-- Surefire test -->
