<?xml version="1.0" encoding="UTF-8"?>
<!-- Generated by org.testng.reporters.JUnitXMLReporter -->
<testsuite ignored="1" hostname="DESKTOP-1H2CHHT" failures="0" tests="3" name="Default test" time="11.171" errors="0" timestamp="2024-11-12T19:03:48 IST">
  <testcase classname="api.tests.DataDrivenTests" name="testPostUser" time="5.879"/>
  <testcase classname="api.tests.DataDrivenTests" name="testPostUser" time="1.418"/>
  <testcase classname="api.tests.DataDrivenTests" name="testPostUser" time="1.627"/>
  <testcase classname="api.tests.DataDrivenTests" name="deleteUsernames" time="0.0">
    <ignored/>
  </testcase> <!-- deleteUsernames -->
</testsuite> <!-- Default test -->
