<?xml version="1.0" encoding="UTF-8"?>
<!-- Generated by org.testng.reporters.JUnitXMLReporter -->
<testsuite ignored="0" hostname="DESKTOP-1H2CHHT" failures="0" tests="6" name="Test" time="15.774" errors="0" timestamp="2024-11-12T18:52:21 IST">
  <testcase classname="api.tests.DataDrivenTests" name="testPostUser" time="5.211"/>
  <testcase classname="api.tests.DataDrivenTests" name="testPostUser" time="1.491"/>
  <testcase classname="api.tests.DataDrivenTests" name="testPostUser" time="1.532"/>
  <testcase classname="api.tests.DataDrivenTests" name="deleteUsernames" time="1.71"/>
  <testcase classname="api.tests.DataDrivenTests" name="deleteUsernames" time="1.474"/>
  <testcase classname="api.tests.DataDrivenTests" name="deleteUsernames" time="1.817"/>
</testsuite> <!-- Test -->
