<?xml version="1.0" encoding="UTF-8"?>
<testng-results ignored="0" total="6" passed="6" failed="0" skipped="0">
  <reporter-output>
  </reporter-output>
  <suite started-at="2024-11-12T19:02:08 IST" name="Surefire suite" finished-at="2024-11-12T19:02:24 IST" duration-ms="15574">
    <groups>
    </groups>
    <test started-at="2024-11-12T19:02:08 IST" name="Surefire test" finished-at="2024-11-12T19:02:24 IST" duration-ms="15574">
      <class name="api.tests.DataDrivenTests">
        <test-method signature="testPostUser(java.lang.String,java.lang.String,java.lang.String,java.lang.String,java.lang.String,java.lang.String,java.lang.String)[pri:1, instance:api.tests.DataDrivenTests@71def8f8]" started-at="2024-11-12T19:02:10 IST" name="testPostUser" data-provider="Data" finished-at="2024-11-12T19:02:16 IST" duration-ms="5361" status="PASS">
          <params>
            <param index="0">
              <value>
                <![CDATA[1010]]>
              </value>
            </param>
            <param index="1">
              <value>
                <![CDATA[testuser1]]>
              </value>
            </param>
            <param index="2">
              <value>
                <![CDATA[john]]>
              </value>
            </param>
            <param index="3">
              <value>
                <![CDATA[joseph]]>
              </value>
            </param>
            <param index="4">
              <value>
                <![CDATA[test1@gmail.com]]>
              </value>
            </param>
            <param index="5">
              <value>
                <![CDATA[yiuy]]>
              </value>
            </param>
            <param index="6">
              <value>
                <![CDATA[1234567890]]>
              </value>
            </param>
          </params>
          <reporter-output>
          </reporter-output>
        </test-method> <!-- testPostUser -->
        <test-method signature="testPostUser(java.lang.String,java.lang.String,java.lang.String,java.lang.String,java.lang.String,java.lang.String,java.lang.String)[pri:1, instance:api.tests.DataDrivenTests@71def8f8]" started-at="2024-11-12T19:02:16 IST" name="testPostUser" data-provider="Data" finished-at="2024-11-12T19:02:17 IST" duration-ms="1512" status="PASS">
          <params>
            <param index="0">
              <value>
                <![CDATA[1020]]>
              </value>
            </param>
            <param index="1">
              <value>
                <![CDATA[testuser2]]>
              </value>
            </param>
            <param index="2">
              <value>
                <![CDATA[kennedy]]>
              </value>
            </param>
            <param index="3">
              <value>
                <![CDATA[adam]]>
              </value>
            </param>
            <param index="4">
              <value>
                <![CDATA[test1@gmail.com]]>
              </value>
            </param>
            <param index="5">
              <value>
                <![CDATA[iioi]]>
              </value>
            </param>
            <param index="6">
              <value>
                <![CDATA[1234567890]]>
              </value>
            </param>
          </params>
          <reporter-output>
          </reporter-output>
        </test-method> <!-- testPostUser -->
        <test-method signature="testPostUser(java.lang.String,java.lang.String,java.lang.String,java.lang.String,java.lang.String,java.lang.String,java.lang.String)[pri:1, instance:api.tests.DataDrivenTests@71def8f8]" started-at="2024-11-12T19:02:17 IST" name="testPostUser" data-provider="Data" finished-at="2024-11-12T19:02:19 IST" duration-ms="1624" status="PASS">
          <params>
            <param index="0">
              <value>
                <![CDATA[1030]]>
              </value>
            </param>
            <param index="1">
              <value>
                <![CDATA[testuser3]]>
              </value>
            </param>
            <param index="2">
              <value>
                <![CDATA[abc]]>
              </value>
            </param>
            <param index="3">
              <value>
                <![CDATA[peter]]>
              </value>
            </param>
            <param index="4">
              <value>
                <![CDATA[test1@gmail.com]]>
              </value>
            </param>
            <param index="5">
              <value>
                <![CDATA[uyi]]>
              </value>
            </param>
            <param index="6">
              <value>
                <![CDATA[1234567890]]>
              </value>
            </param>
          </params>
          <reporter-output>
          </reporter-output>
        </test-method> <!-- testPostUser -->
        <test-method signature="deleteUsernames(java.lang.String)[pri:2, instance:api.tests.DataDrivenTests@71def8f8]" started-at="2024-11-12T19:02:19 IST" name="deleteUsernames" data-provider="Usernamedata" finished-at="2024-11-12T19:02:21 IST" duration-ms="1635" status="PASS">
          <params>
            <param index="0">
              <value>
                <![CDATA[testuser1]]>
              </value>
            </param>
          </params>
          <reporter-output>
          </reporter-output>
        </test-method> <!-- deleteUsernames -->
        <test-method signature="deleteUsernames(java.lang.String)[pri:2, instance:api.tests.DataDrivenTests@71def8f8]" started-at="2024-11-12T19:02:21 IST" name="deleteUsernames" data-provider="Usernamedata" finished-at="2024-11-12T19:02:22 IST" duration-ms="1426" status="PASS">
          <params>
            <param index="0">
              <value>
                <![CDATA[testuser2]]>
              </value>
            </param>
          </params>
          <reporter-output>
          </reporter-output>
        </test-method> <!-- deleteUsernames -->
        <test-method signature="deleteUsernames(java.lang.String)[pri:2, instance:api.tests.DataDrivenTests@71def8f8]" started-at="2024-11-12T19:02:22 IST" name="deleteUsernames" data-provider="Usernamedata" finished-at="2024-11-12T19:02:24 IST" duration-ms="1521" status="PASS">
          <params>
            <param index="0">
              <value>
                <![CDATA[testuser3]]>
              </value>
            </param>
          </params>
          <reporter-output>
          </reporter-output>
        </test-method> <!-- deleteUsernames -->
      </class> <!-- api.tests.DataDrivenTests -->
    </test> <!-- Surefire test -->
  </suite> <!-- Surefire suite -->
</testng-results>
