<?xml version="1.0" encoding="UTF-8"?>
<testsuite xmlns:xsi="http://www.w3.org/2001/XMLSchema-instance" xsi:noNamespaceSchemaLocation="https://maven.apache.org/surefire/maven-surefire-plugin/xsd/surefire-test-report.xsd" version="3.0.2" name="api.tests.DataDrivenTests" time="16.602" tests="6" errors="0" skipped="0" failures="0">
  <properties>
[...]
</properties>
  <testcase name="testPostUser[1010, testuser1, john, joseph, test1@gmail.com, yiuy, 1234567890](1)" classname="api.tests.DataDrivenTests" time="5.358">
    <system-out><![CDATA[2024-11-12T13:32:08.657316300Z main ERROR Log4j2 could not find a logging implementation. Please add log4j-core to the classpath. Using SimpleLogger to log to the console...
HTTP/1.1 200 OK
Date: Tue, 12 Nov 2024 13:32:03 GMT
Content-Type: application/json
Transfer-Encoding: chunked
Connection: keep-alive
Access-Control-Allow-Origin: *
Access-Control-Allow-Methods: GET, POST, DELETE, PUT
Access-Control-Allow-Headers: Content-Type, api_key, Authorization
Server: Jetty(9.2.9.v20150224)

{
    "code": 200,
    "type": "unknown",
    "message": "1010"
}
]]></system-out>
    <system-err><![CDATA[SLF4J: Failed to load class "org.slf4j.impl.StaticLoggerBinder".
SLF4J: Defaulting to no-operation (NOP) logger implementation
SLF4J: See http://www.slf4j.org/codes.html#StaticLoggerBinder for further details.
]]></system-err>
  </testcase>
  <testcase name="testPostUser[1020, testuser2, kennedy, adam, test1@gmail.com, iioi, 1234567890](2)" classname="api.tests.DataDrivenTests" time="1.544">
    <system-out><![CDATA[HTTP/1.1 200 OK
Date: Tue, 12 Nov 2024 13:32:04 GMT
Content-Type: application/json
Transfer-Encoding: chunked
Connection: keep-alive
Access-Control-Allow-Origin: *
Access-Control-Allow-Methods: GET, POST, DELETE, PUT
Access-Control-Allow-Headers: Content-Type, api_key, Authorization
Server: Jetty(9.2.9.v20150224)

{
    "code": 200,
    "type": "unknown",
    "message": "1020"
}
]]></system-out>
  </testcase>
  <testcase name="testPostUser[1030, testuser3, abc, peter, test1@gmail.com, uyi, 1234567890](3)" classname="api.tests.DataDrivenTests" time="1.596">
    <system-out><![CDATA[HTTP/1.1 200 OK
Date: Tue, 12 Nov 2024 13:32:06 GMT
Content-Type: application/json
Transfer-Encoding: chunked
Connection: keep-alive
Access-Control-Allow-Origin: *
Access-Control-Allow-Methods: GET, POST, DELETE, PUT
Access-Control-Allow-Headers: Content-Type, api_key, Authorization
Server: Jetty(9.2.9.v20150224)

{
    "code": 200,
    "type": "unknown",
    "message": "1030"
}
]]></system-out>
  </testcase>
  <testcase name="deleteUsernames[testuser1](1)" classname="api.tests.DataDrivenTests" time="1.638">
    <system-out><![CDATA[<apiResponse>
  <type>unknown</type>
</apiResponse>
]]></system-out>
  </testcase>
  <testcase name="deleteUsernames[testuser2](2)" classname="api.tests.DataDrivenTests" time="1.428">
    <system-out><![CDATA[<apiResponse>
  <type>unknown</type>
</apiResponse>
]]></system-out>
  </testcase>
  <testcase name="deleteUsernames[testuser3](3)" classname="api.tests.DataDrivenTests" time="1.547">
    <system-out><![CDATA[<apiResponse>
  <type>unknown</type>
</apiResponse>
]]></system-out>
  </testcase>
</testsuite>